<?xml version="1.0" encoding="UTF-8"?>
<testsuites>
  <testsuite name="fastlane.lanes">
    
    
    
      
      <testcase classname="fastlane.lanes" name="00: opt_out_usage" time="0.000626397">
        
      </testcase>
    
      
      <testcase classname="fastlane.lanes" name="01: default_platform" time="0.00022">
        
      </testcase>
    
      
      <testcase classname="fastlane.lanes" name="02: Switch to android load_env lane" time="0.000450391">
        
      </testcase>
    
      
      <testcase classname="fastlane.lanes" name="03: Switch to android build_apk lane" time="0.000182711">
        
      </testcase>
    
      
      <testcase classname="fastlane.lanes" name="04: Switch to android clean_environment lane" time="0.000156899">
        
      </testcase>
    
      
      <testcase classname="fastlane.lanes" name="05: Switch to android sh_on_root lane" time="0.000151725">
        
      </testcase>
    
      
      <testcase classname="fastlane.lanes" name="06: cd /media/programmer/Library/Projects/vethx/playground/beta/mobile/src &amp;&amp; flutter clean" time="1.029425524">
        
      </testcase>
    
      
      <testcase classname="fastlane.lanes" name="07: Switch to android fetch_dependencies lane" time="0.000462351">
        
      </testcase>
    
      
      <testcase classname="fastlane.lanes" name="08: Switch to android sh_on_root lane" time="0.000391059">
        
      </testcase>
    
      
      <testcase classname="fastlane.lanes" name="09: cd /media/programmer/Library/Projects/vethx/playground/beta/mobile/src &amp;&amp; flutter pub get --suppress-analytics" time="3.150131293">
        
      </testcase>
    
      
      <testcase classname="fastlane.lanes" name="10: Switch to android build_autogenerated_code lane" time="0.00050504">
        
      </testcase>
    
      
      <testcase classname="fastlane.lanes" name="11: Switch to android sh_on_root lane" time="0.000405651">
        
      </testcase>
    
      
      <testcase classname="fastlane.lanes" name="12: cd /media/programmer/Library/Projects/vethx/playground/beta/mobile/src &amp;&amp; flutter pub run build_runner build --delete-conflicting-outputs" time="96.230961505">
        
      </testcase>
    
      
      <testcase classname="fastlane.lanes" name="13: Switch to android dart_define lane" time="0.000542096">
        
      </testcase>
    
      
      <testcase classname="fastlane.lanes" name="14: Switch to android sh_on_root lane" time="0.000245449">
        
      </testcase>
    
      
      <testcase classname="fastlane.lanes" name="15: cd /media/programmer/Library/Projects/vethx/playground/beta/mobile/src &amp;&amp; flutter build apk --release 
  --dart-define=HATCHERY_APP_NAME=Hatchery   --dart-define=HATCHERY_APP_SUFFIX=.dev   --dart-define=APP_ENVIRONMENT=dev   " time="5.284629997">
        
          <failure message="/home/linuxbrew/.linuxbrew/lib/ruby/gems/3.0.0/gems/fastlane-2.193.1/fastlane/lib/fastlane/actions/actions_helper.rb:67:in `execute_action&apos;&#10;/home/linuxbrew/.linuxbrew/lib/ruby/gems/3.0.0/gems/fastlane-2.193.1/fastlane/lib/fastlane/fast_file.rb:222:in `sh&apos;&#10;/home/linuxbrew/.linuxbrew/lib/ruby/gems/3.0.0/gems/fastlane-2.193.1/fastlane/lib/fastlane/fast_file.rb:216:in `sh&apos;&#10;../../../scripts/Fastfile:16:in `block in parsing_binding&apos;&#10;/home/linuxbrew/.linuxbrew/lib/ruby/gems/3.0.0/gems/fastlane-2.193.1/fastlane/lib/fastlane/lane.rb:33:in `call&apos;&#10;/home/linuxbrew/.linuxbrew/lib/ruby/gems/3.0.0/gems/fastlane-2.193.1/fastlane/lib/fastlane/runner.rb:204:in `try_switch_to_lane&apos;&#10;/home/linuxbrew/.linuxbrew/lib/ruby/gems/3.0.0/gems/fastlane-2.193.1/fastlane/lib/fastlane/runner.rb:146:in `trigger_action_by_name&apos;&#10;/home/linuxbrew/.linuxbrew/lib/ruby/gems/3.0.0/gems/fastlane-2.193.1/fastlane/lib/fastlane/fast_file.rb:159:in `method_missing&apos;&#10;Fastfile:35:in `block (2 levels) in parsing_binding&apos;&#10;/home/linuxbrew/.linuxbrew/lib/ruby/gems/3.0.0/gems/fastlane-2.193.1/fastlane/lib/fastlane/lane.rb:33:in `call&apos;&#10;/home/linuxbrew/.linuxbrew/lib/ruby/gems/3.0.0/gems/fastlane-2.193.1/fastlane/lib/fastlane/runner.rb:204:in `try_switch_to_lane&apos;&#10;/home/linuxbrew/.linuxbrew/lib/ruby/gems/3.0.0/gems/fastlane-2.193.1/fastlane/lib/fastlane/runner.rb:146:in `trigger_action_by_name&apos;&#10;/home/linuxbrew/.linuxbrew/lib/ruby/gems/3.0.0/gems/fastlane-2.193.1/fastlane/lib/fastlane/fast_file.rb:159:in `method_missing&apos;&#10;Fastfile:56:in `block (2 levels) in parsing_binding&apos;&#10;/home/linuxbrew/.linuxbrew/lib/ruby/gems/3.0.0/gems/fastlane-2.193.1/fastlane/lib/fastlane/lane.rb:33:in `call&apos;&#10;/home/linuxbrew/.linuxbrew/lib/ruby/gems/3.0.0/gems/fastlane-2.193.1/fastlane/lib/fastlane/runner.rb:49:in `block in execute&apos;&#10;/home/linuxbrew/.linuxbrew/lib/ruby/gems/3.0.0/gems/fastlane-2.193.1/fastlane/lib/fastlane/runner.rb:45:in `chdir&apos;&#10;/home/linuxbrew/.linuxbrew/lib/ruby/gems/3.0.0/gems/fastlane-2.193.1/fastlane/lib/fastlane/runner.rb:45:in `execute&apos;&#10;/home/linuxbrew/.linuxbrew/lib/ruby/gems/3.0.0/gems/fastlane-2.193.1/fastlane/lib/fastlane/lane_manager.rb:47:in `cruise_lane&apos;&#10;/home/linuxbrew/.linuxbrew/lib/ruby/gems/3.0.0/gems/fastlane-2.193.1/fastlane/lib/fastlane/command_line_handler.rb:36:in `handle&apos;&#10;/home/linuxbrew/.linuxbrew/lib/ruby/gems/3.0.0/gems/fastlane-2.193.1/fastlane/lib/fastlane/commands_generator.rb:109:in `block (2 levels) in run&apos;&#10;/home/linuxbrew/.linuxbrew/lib/ruby/gems/3.0.0/gems/commander-4.6.0/lib/commander/command.rb:187:in `call&apos;&#10;/home/linuxbrew/.linuxbrew/lib/ruby/gems/3.0.0/gems/commander-4.6.0/lib/commander/command.rb:157:in `run&apos;&#10;/home/linuxbrew/.linuxbrew/lib/ruby/gems/3.0.0/gems/commander-4.6.0/lib/commander/runner.rb:444:in `run_active_command&apos;&#10;/home/linuxbrew/.linuxbrew/lib/ruby/gems/3.0.0/gems/fastlane-2.193.1/fastlane_core/lib/fastlane_core/ui/fastlane_runner.rb:117:in `run!&apos;&#10;/home/linuxbrew/.linuxbrew/lib/ruby/gems/3.0.0/gems/commander-4.6.0/lib/commander/delegates.rb:18:in `run!&apos;&#10;/home/linuxbrew/.linuxbrew/lib/ruby/gems/3.0.0/gems/fastlane-2.193.1/fastlane/lib/fastlane/commands_generator.rb:353:in `run&apos;&#10;/home/linuxbrew/.linuxbrew/lib/ruby/gems/3.0.0/gems/fastlane-2.193.1/fastlane/lib/fastlane/commands_generator.rb:42:in `start&apos;&#10;/home/linuxbrew/.linuxbrew/lib/ruby/gems/3.0.0/gems/fastlane-2.193.1/fastlane/lib/fastlane/cli_tools_distributor.rb:122:in `take_off&apos;&#10;/home/linuxbrew/.linuxbrew/lib/ruby/gems/3.0.0/gems/fastlane-2.193.1/bin/fastlane:23:in `&lt;top (required)&gt;&apos;&#10;/home/linuxbrew/.linuxbrew/lib/ruby/gems/3.0.0/bin/fastlane:23:in `load&apos;&#10;/home/linuxbrew/.linuxbrew/lib/ruby/gems/3.0.0/bin/fastlane:23:in `&lt;top (required)&gt;&apos;&#10;/home/linuxbrew/.linuxbrew/Cellar/ruby/3.0.2/lib/ruby/3.0.0/bundler/cli/exec.rb:63:in `load&apos;&#10;/home/linuxbrew/.linuxbrew/Cellar/ruby/3.0.2/lib/ruby/3.0.0/bundler/cli/exec.rb:63:in `kernel_load&apos;&#10;/home/linuxbrew/.linuxbrew/Cellar/ruby/3.0.2/lib/ruby/3.0.0/bundler/cli/exec.rb:28:in `run&apos;&#10;/home/linuxbrew/.linuxbrew/Cellar/ruby/3.0.2/lib/ruby/3.0.0/bundler/cli.rb:474:in `exec&apos;&#10;/home/linuxbrew/.linuxbrew/Cellar/ruby/3.0.2/lib/ruby/3.0.0/bundler/vendor/thor/lib/thor/command.rb:27:in `run&apos;&#10;/home/linuxbrew/.linuxbrew/Cellar/ruby/3.0.2/lib/ruby/3.0.0/bundler/vendor/thor/lib/thor/invocation.rb:127:in `invoke_command&apos;&#10;/home/linuxbrew/.linuxbrew/Cellar/ruby/3.0.2/lib/ruby/3.0.0/bundler/vendor/thor/lib/thor.rb:392:in `dispatch&apos;&#10;/home/linuxbrew/.linuxbrew/Cellar/ruby/3.0.2/lib/ruby/3.0.0/bundler/cli.rb:30:in `dispatch&apos;&#10;/home/linuxbrew/.linuxbrew/Cellar/ruby/3.0.2/lib/ruby/3.0.0/bundler/vendor/thor/lib/thor/base.rb:485:in `start&apos;&#10;/home/linuxbrew/.linuxbrew/Cellar/ruby/3.0.2/lib/ruby/3.0.0/bundler/cli.rb:24:in `start&apos;&#10;/home/linuxbrew/.linuxbrew/Cellar/ruby/3.0.2/lib/ruby/gems/3.0.0/gems/bundler-2.2.22/exe/bundle:49:in `block in &lt;top (required)&gt;&apos;&#10;/home/linuxbrew/.linuxbrew/Cellar/ruby/3.0.2/lib/ruby/3.0.0/bundler/friendly_errors.rb:128:in `with_friendly_errors&apos;&#10;/home/linuxbrew/.linuxbrew/Cellar/ruby/3.0.2/lib/ruby/gems/3.0.0/gems/bundler-2.2.22/exe/bundle:37:in `&lt;top (required)&gt;&apos;&#10;/home/linuxbrew/.linuxbrew/bin/bundle:23:in `load&apos;&#10;/home/linuxbrew/.linuxbrew/bin/bundle:23:in `&lt;main&gt;&apos;&#10;&#10;Exit status of command &apos;cd /media/programmer/Library/Projects/vethx/playground/beta/mobile/src &amp;&amp; flutter build apk --release &#10;  --dart-define=HATCHERY_APP_NAME=Hatchery   --dart-define=HATCHERY_APP_SUFFIX=.dev   --dart-define=APP_ENVIRONMENT=dev   &apos; was 127 instead of 0.&#10;&#10;ðŸ’ª Building with sound null safety ðŸ’ª&#10;&#10;Running Gradle task &apos;assembleRelease&apos;...                        &#10;&#10;&#10;FAILURE: Build failed with an exception.&#10;&#10;&#10;&#10;* What went wrong:&#10;&#10;Could not determine the dependencies of task &apos;:app:lintVitalRelease&apos;.&#10;&#10;&gt; Could not resolve all artifacts for configuration &apos;:app:debugAndroidTestCompileClasspath&apos;.&#10;&#10;   &gt; Could not find com.google.firebase:firebase-analytics:.&#10;&#10;     Required by:&#10;&#10;         project :app&#10;&#10;&#10;&#10;* Try:&#10;&#10;Run with --stacktrace option to get the stack trace. Run with --info or --debug option to get more log output. Run with --scan to get full insights.&#10;&#10;&#10;&#10;* Get more help at https://help.gradle.org&#10;&#10;&#10;&#10;BUILD FAILED in 3s&#10;Running Gradle task &apos;assembleRelease&apos;...                            3.7s&#10;Gradle task assembleRelease failed with exit code 1&#10;sh: 2: --dart-define=HATCHERY_APP_NAME=Hatchery: not found&#10;" />
        
      </testcase>
    
      
      <testcase classname="fastlane.lanes" name="16: slack" time="0.418001106">
        
      </testcase>
    
      
      <testcase classname="fastlane.lanes" name="17: notification" time="0.001989693">
        
      </testcase>
    
  </testsuite>
</testsuites>
