TN:
SF:lib/features/authentication/domain/usecases/request_authentication.usecase.dart
FNF:0
FNH:0
DA:14,1
DA:20,1
DA:22,2
DA:25,1
DA:28,2
DA:30,1
DA:31,1
DA:32,2
DA:33,1
DA:34,3
DA:35,1
DA:37,2
DA:39,2
DA:41,1
DA:47,1
DA:48,3
DA:50,1
DA:51,1
DA:52,1
DA:53,1
DA:54,1
DA:55,3
DA:62,1
DA:63,3
DA:67,1
DA:68,1
DA:69,1
DA:70,0
DA:71,0
DA:72,1
DA:76,1
DA:77,3
DA:80,1
DA:81,1
DA:82,1
DA:83,0
DA:84,1
DA:90,1
DA:92,3
DA:93,1
DA:94,1
DA:95,1
DA:96,1
DA:97,1
DA:101,1
DA:102,1
DA:103,2
DA:105,1
DA:107,2
DA:109,1
DA:117,2
DA:118,0
DA:120,3
DA:121,0
LF:54
LH:49
end_of_record
TN:
SF:lib/features/authentication/infrastructure/services/local_auth.service.dart
FNF:0
FNH:0
DA:13,1
DA:18,1
DA:22,1
DA:25,1
DA:29,1
DA:30,4
DA:33,1
DA:37,1
DA:38,1
DA:41,1
DA:42,1
DA:43,2
DA:44,1
DA:48,2
DA:51,2
DA:52,1
DA:53,1
DA:62,1
DA:64,1
DA:76,1
DA:78,3
DA:85,2
DA:86,1
DA:87,1
DA:88,3
DA:89,1
DA:90,1
DA:91,1
DA:92,1
DA:93,1
DA:94,1
DA:95,1
DA:96,0
DA:97,1
DA:99,0
LF:35
LH:33
end_of_record
TN:
SF:lib/features/authentication/presentation/bloc/local_authentication_bloc.dart
FNF:0
FNH:0
DA:15,2
DA:18,1
DA:21,2
DA:22,1
DA:23,1
DA:24,5
DA:25,2
DA:26,1
DA:27,1
LF:9
LH:9
end_of_record
TN:
SF:lib/features/authentication/presentation/pages/local_authentication.page.dart
FNF:0
FNH:0
DA:8,1
DA:11,1
DA:13,1
DA:15,1
DA:16,1
DA:17,1
DA:18,1
DA:21,1
DA:22,1
DA:24,2
DA:25,2
DA:27,3
DA:28,1
DA:29,0
DA:30,1
DA:31,2
LF:16
LH:15
end_of_record
TN:
SF:lib/features/authorization/presentation/bloc/auth_bloc.dart
FNF:0
FNH:0
DA:15,2
DA:18,1
DA:21,2
DA:22,1
DA:23,1
DA:24,6
DA:26,1
DA:28,1
DA:29,1
DA:30,3
DA:31,1
DA:32,2
LF:12
LH:12
end_of_record
TN:
SF:lib/features/authorization/presentation/pages/alpha.page.dart
FNF:0
FNH:0
DA:18,38
DA:20,0
DA:22,1
DA:23,1
DA:24,1
DA:25,1
DA:26,3
DA:27,1
DA:29,1
DA:30,3
DA:31,1
DA:37,1
DA:39,1
DA:40,1
DA:41,2
DA:43,1
DA:44,2
DA:45,1
DA:46,3
DA:47,3
DA:48,2
DA:49,1
DA:51,1
DA:52,1
DA:53,1
DA:54,2
DA:56,1
DA:57,1
DA:58,3
DA:59,2
DA:60,1
DA:61,0
DA:62,0
DA:63,0
DA:64,0
DA:68,2
DA:69,1
DA:70,0
DA:71,0
DA:89,1
DA:93,1
DA:95,1
DA:97,1
DA:98,0
DA:99,0
DA:100,0
DA:102,1
DA:105,1
DA:107,2
DA:108,1
DA:112,1
DA:113,1
DA:114,2
DA:115,1
LF:54
LH:44
end_of_record
TN:
SF:lib/features/signin/domain/entities/credentials_entity.dart
FNF:0
FNH:0
DA:6,2
LF:1
LH:1
end_of_record
TN:
SF:lib/features/signin/domain/entities/value_objects.dart
FNF:0
FNH:0
DA:12,18
DA:13,18
DA:14,36
DA:18,18
DA:20,4
DA:21,2
DA:24,4
DA:25,2
DA:28,0
DA:29,0
DA:32,9
DA:33,4
DA:34,4
DA:35,4
DA:36,0
DA:38,6
DA:44,6
DA:51,10
DA:52,10
DA:53,20
DA:57,10
DA:59,4
DA:60,2
DA:63,4
DA:64,2
DA:67,0
DA:68,0
DA:71,9
DA:72,4
DA:73,4
DA:74,4
DA:75,0
DA:77,6
DA:80,6
LF:34
LH:28
end_of_record
TN:
SF:lib/features/signin/domain/usecases/sign_in_check_credential.dart
FNF:0
FNH:0
DA:15,1
DA:20,1
DA:23,3
DA:24,2
DA:25,3
DA:26,1
DA:27,2
DA:28,1
DA:33,1
DA:34,1
DA:36,1
DA:43,2
DA:44,0
DA:47,2
DA:48,2
DA:50,1
LF:16
LH:15
end_of_record
TN:
SF:lib/features/signin/domain/usecases/sign_in_register_credential_and_secret.dart
FNF:0
FNH:0
DA:13,1
DA:18,1
DA:21,1
DA:22,1
DA:23,1
DA:24,1
DA:26,3
DA:27,3
DA:28,1
DA:29,3
DA:30,1
DA:35,1
DA:36,1
DA:37,1
DA:40,1
DA:43,1
DA:44,0
DA:47,0
DA:50,1
DA:52,1
DA:59,2
DA:61,0
DA:64,6
DA:66,1
LF:24
LH:21
end_of_record
TN:
SF:lib/features/signin/domain/usecases/sign_in_secret_reset.dart
FNF:0
FNH:0
DA:13,1
DA:19,1
DA:21,3
DA:22,1
DA:23,3
DA:24,1
DA:25,3
DA:26,2
DA:27,3
DA:28,1
DA:29,3
DA:30,1
DA:38,1
DA:39,1
DA:40,1
DA:42,1
DA:45,1
DA:47,1
DA:54,2
DA:55,0
DA:57,3
DA:58,3
DA:60,1
DA:62,4
DA:63,1
LF:25
LH:24
end_of_record
TN:
SF:lib/features/signin/domain/usecases/sign_in_with_google.dart
FNF:0
FNH:0
DA:14,1
DA:19,1
DA:21,5
DA:22,3
DA:23,1
DA:24,3
DA:25,1
DA:29,1
DA:30,1
DA:31,1
DA:33,1
DA:36,1
DA:38,1
DA:45,3
DA:46,0
DA:48,3
DA:49,0
LF:17
LH:15
end_of_record
TN:
SF:lib/features/signin/domain/usecases/sign_in_with_secret.dart
FNF:0
FNH:0
DA:14,1
DA:20,1
DA:21,3
DA:22,1
DA:23,3
DA:24,1
DA:25,1
DA:26,1
DA:30,3
DA:31,3
DA:32,2
DA:38,1
DA:39,1
DA:40,1
DA:42,1
DA:45,1
DA:46,1
DA:49,1
DA:52,1
DA:54,1
DA:61,2
DA:62,0
DA:64,2
DA:65,2
DA:67,0
DA:69,3
DA:70,3
DA:71,1
LF:28
LH:26
end_of_record
TN:
SF:lib/features/signin/infrastructure/datasources/sign_in_local_data_source.dart
FNF:0
FNH:0
DA:17,1
DA:20,1
DA:21,3
DA:23,1
DA:25,1
DA:26,2
DA:27,1
DA:32,1
DA:33,3
DA:35,1
DA:36,2
DA:37,2
LF:12
LH:12
end_of_record
TN:
SF:lib/features/signin/infrastructure/repositories/sign_in_repository.dart
FNF:0
FNH:0
DA:15,1
DA:21,1
DA:23,3
DA:25,1
DA:31,1
DA:33,3
DA:34,1
DA:35,1
DA:41,0
DA:42,0
LF:10
LH:8
end_of_record
TN:
SF:lib/features/signin/infrastructure/services/firebase_auth_facade.dart
FNF:0
FNH:0
DA:18,1
DA:20,1
DA:27,1
DA:32,3
DA:33,1
DA:34,1
DA:36,1
DA:37,1
DA:38,2
DA:39,1
DA:41,1
DA:42,2
DA:43,1
DA:49,1
DA:54,3
DA:55,1
DA:56,1
DA:58,1
DA:59,1
DA:60,4
DA:61,1
DA:63,1
DA:64,2
DA:65,1
DA:71,1
DA:73,3
DA:75,1
DA:78,2
DA:80,1
DA:81,1
DA:82,1
DA:85,3
DA:87,1
DA:88,1
DA:89,1
DA:90,1
DA:95,1
DA:98,3
DA:99,1
DA:100,1
DA:102,1
DA:103,1
DA:104,1
DA:105,2
DA:106,1
DA:107,2
DA:108,1
DA:110,1
DA:111,2
DA:112,1
DA:118,1
DA:119,2
DA:120,2
DA:121,2
DA:125,1
DA:127,1
DA:128,4
DA:132,1
DA:134,3
DA:135,1
DA:136,1
DA:137,1
DA:138,2
DA:139,2
DA:140,1
DA:142,3
DA:144,1
LF:67
LH:67
end_of_record
TN:
SF:lib/features/signin/infrastructure/services/firebase_user_mapper.dart
FNF:0
FNH:0
DA:6,1
DA:9,1
DA:10,1
DA:11,4
DA:12,2
LF:5
LH:5
end_of_record
TN:
SF:lib/features/signin/presentation/bloc/credential/sign_in_credential_bloc.dart
FNF:0
FNH:0
DA:23,1
DA:26,2
DA:29,1
DA:32,2
DA:33,1
DA:34,4
DA:35,2
DA:36,1
DA:37,1
DA:40,1
DA:41,4
DA:43,1
DA:44,1
DA:46,5
DA:47,4
DA:49,1
DA:50,3
DA:51,1
DA:53,2
DA:55,1
DA:56,3
DA:57,1
DA:58,2
DA:59,1
DA:61,0
DA:62,0
DA:64,1
LF:27
LH:25
end_of_record
TN:
SF:lib/features/signin/presentation/bloc/options/sign_in_options_bloc.dart
FNF:0
FNH:0
DA:21,1
DA:25,1
DA:27,1
DA:29,1
DA:32,1
DA:33,2
DA:35,1
DA:39,1
DA:40,3
DA:41,1
DA:42,3
DA:43,2
DA:44,1
DA:45,1
DA:47,1
DA:48,2
DA:49,1
DA:50,1
DA:54,1
DA:56,2
DA:60,1
DA:61,1
LF:22
LH:22
end_of_record
TN:
SF:lib/features/signin/presentation/bloc/register/sign_in_register_bloc.dart
FNF:0
FNH:0
DA:23,1
DA:26,2
DA:29,1
DA:32,2
DA:33,1
DA:34,4
DA:35,2
DA:36,1
DA:37,1
DA:40,1
DA:41,4
DA:42,2
DA:43,1
DA:44,1
DA:47,1
DA:48,4
DA:50,1
DA:51,1
DA:53,3
DA:54,1
DA:55,2
DA:56,2
DA:59,4
DA:61,1
DA:62,4
DA:63,2
DA:65,1
DA:66,2
DA:67,1
DA:68,2
DA:69,2
LF:31
LH:31
end_of_record
TN:
SF:lib/features/signin/presentation/bloc/secret/reset/sign_in_secret_reset_bloc.dart
FNF:0
FNH:0
DA:20,1
DA:23,2
DA:29,1
DA:32,2
DA:33,1
DA:34,2
DA:36,1
DA:38,3
DA:39,2
DA:41,1
DA:42,1
DA:43,2
DA:44,3
DA:47,3
DA:49,3
DA:50,1
LF:16
LH:16
end_of_record
TN:
SF:lib/features/signin/presentation/bloc/secret/sign_in_secret_bloc.dart
FNF:0
FNH:0
DA:25,1
DA:29,2
DA:32,1
DA:35,2
DA:36,1
DA:37,4
DA:38,2
DA:39,1
DA:40,1
DA:43,1
DA:44,4
DA:46,1
DA:47,1
DA:49,5
DA:50,4
DA:52,1
DA:53,4
DA:54,2
DA:56,1
DA:57,1
DA:58,2
DA:59,3
DA:63,2
DA:65,1
DA:66,2
DA:67,2
LF:26
LH:26
end_of_record
TN:
SF:lib/features/signin/presentation/manager/navigation.manager.dart
FNF:0
FNH:0
DA:10,1
DA:11,2
DA:12,3
DA:15,3
LF:4
LH:4
end_of_record
TN:
SF:lib/features/signin/presentation/pages/sign_in_credential.page.dart
FNF:0
FNH:0
DA:15,19
DA:17,2
DA:18,2
DA:20,2
DA:23,2
DA:24,2
DA:25,4
DA:36,1
DA:37,2
DA:38,3
DA:40,1
DA:41,4
DA:42,2
DA:46,2
DA:48,4
DA:49,2
DA:52,2
DA:54,4
DA:55,4
DA:56,4
DA:57,2
DA:60,2
DA:62,2
DA:64,2
DA:65,2
DA:66,4
DA:67,2
DA:68,1
DA:69,1
DA:70,1
DA:71,1
DA:75,2
DA:76,2
DA:77,2
DA:78,2
DA:79,2
DA:80,4
DA:81,2
DA:82,4
DA:83,2
DA:85,4
DA:86,2
DA:89,2
DA:90,2
DA:91,0
DA:92,0
DA:93,1
DA:94,3
DA:95,5
DA:97,4
DA:98,2
DA:101,3
DA:102,2
DA:103,4
DA:104,6
LF:55
LH:53
end_of_record
TN:
SF:lib/features/signin/presentation/pages/sign_in_options.page.dart
FNF:0
FNH:0
DA:24,2
DA:27,2
DA:30,2
DA:34,2
DA:36,2
DA:37,2
DA:38,2
DA:39,2
DA:40,4
DA:46,2
DA:50,2
DA:51,2
DA:57,2
DA:58,4
DA:59,2
DA:60,2
DA:61,8
DA:65,6
DA:67,2
DA:69,2
DA:70,4
DA:71,2
DA:74,2
DA:76,8
DA:77,6
DA:78,2
DA:81,2
DA:83,2
DA:84,4
DA:85,4
DA:86,2
DA:89,2
DA:91,2
DA:94,2
DA:95,2
DA:96,4
DA:97,2
DA:98,2
DA:99,2
DA:100,4
DA:101,2
DA:103,4
DA:106,4
DA:107,2
DA:110,4
DA:113,2
DA:114,1
DA:116,4
DA:117,2
DA:120,4
DA:122,2
DA:124,0
DA:125,4
DA:126,1
DA:137,2
DA:138,6
DA:139,4
DA:140,2
DA:141,2
DA:142,1
DA:143,1
DA:144,1
DA:145,2
DA:149,2
DA:150,1
DA:151,1
DA:152,1
DA:153,1
DA:154,1
DA:155,1
DA:157,2
DA:159,2
DA:164,2
DA:165,3
DA:166,1
DA:167,2
LF:76
LH:75
end_of_record
TN:
SF:lib/features/signin/presentation/pages/sign_in_register_page.dart
FNF:0
FNH:0
DA:18,2
DA:21,2
DA:23,2
DA:24,2
DA:26,2
DA:30,2
DA:31,2
DA:32,4
DA:33,2
DA:47,6
DA:48,3
DA:50,1
DA:51,4
DA:52,2
DA:57,2
DA:59,7
DA:60,3
DA:61,3
DA:62,2
DA:63,2
DA:65,2
DA:67,2
DA:70,2
DA:72,4
DA:74,4
DA:75,4
DA:77,4
DA:78,4
DA:80,2
DA:83,2
DA:85,2
DA:87,2
DA:88,2
DA:89,5
DA:90,1
DA:91,1
DA:92,0
DA:95,4
DA:96,2
DA:97,1
DA:98,1
DA:99,1
DA:100,1
DA:104,2
DA:105,2
DA:106,2
DA:107,2
DA:108,2
DA:109,4
DA:110,2
DA:111,4
DA:112,4
DA:113,2
DA:115,4
DA:116,2
DA:117,2
DA:118,2
DA:121,1
DA:122,3
DA:123,5
DA:124,2
DA:125,0
DA:126,0
DA:127,0
DA:128,0
DA:132,4
DA:133,2
DA:134,2
DA:135,2
DA:138,1
DA:139,3
DA:140,0
DA:141,4
DA:143,4
DA:144,2
DA:147,4
DA:148,2
DA:149,4
DA:150,6
LF:79
LH:73
end_of_record
TN:
SF:lib/features/signin/presentation/pages/sign_in_secret.page.dart
FNF:0
FNH:0
DA:21,2
DA:24,2
DA:26,2
DA:27,2
DA:29,2
DA:32,2
DA:33,2
DA:34,2
DA:35,2
DA:36,4
DA:38,2
DA:39,4
DA:42,2
DA:43,2
DA:53,3
DA:54,3
DA:55,0
DA:57,2
DA:59,4
DA:60,2
DA:63,2
DA:65,4
DA:66,4
DA:67,4
DA:68,2
DA:71,1
DA:72,4
DA:73,2
DA:77,2
DA:79,2
DA:81,0
DA:82,0
DA:83,2
DA:84,2
DA:85,5
DA:86,1
DA:87,1
DA:88,0
DA:91,4
DA:92,2
DA:93,1
DA:94,2
DA:95,1
DA:99,2
DA:100,2
DA:101,2
DA:102,2
DA:104,2
DA:105,4
DA:106,2
DA:107,4
DA:108,2
DA:110,4
DA:111,2
DA:114,2
DA:115,2
DA:117,2
DA:118,1
DA:119,3
DA:120,0
DA:122,4
DA:123,2
DA:125,4
DA:126,2
DA:127,4
DA:128,6
DA:131,4
DA:132,2
DA:133,2
DA:134,2
DA:136,2
DA:137,0
DA:138,4
DA:141,2
DA:142,4
DA:143,6
DA:156,2
DA:159,2
DA:163,2
DA:165,2
DA:166,2
DA:167,2
DA:168,4
DA:169,2
DA:170,1
DA:171,1
DA:172,1
DA:173,1
DA:177,2
DA:178,2
DA:179,10
DA:180,2
DA:181,2
DA:183,2
DA:185,2
DA:186,1
DA:187,2
DA:188,4
DA:189,6
LF:99
LH:93
end_of_record
TN:
SF:lib/features/signin/presentation/routes/sign_in_go_to.dart
FNF:0
FNH:0
DA:4,21
DA:18,25
DA:24,1
DA:29,2
DA:33,2
DA:39,1
DA:43,1
DA:49,5
DA:50,5
DA:55,2
DA:57,10
LF:11
LH:11
end_of_record
TN:
SF:lib/features/signin/presentation/widgets/login/field_credential.widget.dart
FNF:0
FNH:0
DA:6,3
DA:13,3
DA:21,3
DA:23,3
DA:24,3
DA:25,3
DA:28,3
DA:30,6
DA:32,9
DA:33,3
DA:34,3
DA:35,3
LF:12
LH:12
end_of_record
TN:
SF:lib/features/signin/presentation/widgets/login/field_secret.widget.dart
FNF:0
FNH:0
DA:7,3
DA:15,3
DA:24,3
DA:25,3
DA:30,3
DA:32,3
DA:33,6
DA:34,6
DA:37,3
DA:38,3
DA:40,6
DA:41,3
DA:42,3
DA:43,3
DA:44,6
DA:46,0
DA:49,9
DA:50,8
DA:51,6
DA:52,6
LF:20
LH:19
end_of_record
TN:
SF:lib/features/signin/presentation/widgets/login/sign_in_button.widget.dart
FNF:0
FNH:0
DA:5,2
DA:12,2
DA:14,2
DA:16,2
DA:17,2
DA:18,2
DA:20,2
DA:22,2
DA:24,2
LF:9
LH:9
end_of_record
TN:
SF:lib/features/signin/presentation/widgets/login/sign_in_loading.widget.dart
FNF:0
FNH:0
DA:6,5
DA:11,5
DA:17,5
DA:19,15
DA:20,10
DA:21,5
DA:22,5
DA:23,5
DA:24,5
DA:26,5
DA:27,5
DA:28,4
DA:29,4
LF:13
LH:13
end_of_record
TN:
SF:lib/features/signin/presentation/widgets/login/sign_in_scaffold.widget.dart
FNF:0
FNH:0
DA:4,5
DA:11,5
DA:12,5
DA:13,10
DA:16,4
DA:18,4
DA:20,8
DA:22,0
DA:23,0
LF:9
LH:7
end_of_record
TN:
SF:lib/l10n/l10n.dart
FNF:0
FNH:0
DA:9,10
DA:24,3
DA:27,26
DA:30,0
LF:4
LH:3
end_of_record
