SF:lib/core/network/network_info.dart
DA:8,1
DA:11,1
DA:14,2
DA:15,1
DA:16,1
LF:5
LH:5
end_of_record
SF:lib/features/signin/domain/core/errors.dart
DA:6,1
DA:8,0
DA:12,0
LF:3
LH:1
end_of_record
SF:lib/features/signin/domain/core/failures.dart
DA:8,0
DA:11,0
DA:14,0
LF:3
LH:0
end_of_record
SF:lib/features/signin/domain/entities/value_objects.dart
DA:20,12
DA:21,12
DA:22,24
DA:26,3
DA:27,2
DA:28,1
DA:29,1
DA:30,0
DA:32,1
DA:35,12
DA:42,5
DA:43,5
DA:44,10
DA:48,3
DA:49,2
DA:50,1
DA:51,1
DA:52,0
DA:54,1
DA:57,5
LF:20
LH:18
end_of_record
SF:lib/core/api/api.dart
DA:3,16
DA:10,1
DA:14,0
DA:16,0
DA:17,0
DA:21,1
DA:22,1
DA:24,2
DA:25,5
DA:26,5
DA:30,3
LF:11
LH:8
end_of_record
SF:lib/core/consts/size_config.dart
DA:4,3
DA:6,3
DA:7,3
DA:9,0
DA:10,0
DA:12,3
DA:13,3
DA:15,0
DA:16,0
DA:18,3
DA:19,0
DA:20,0
DA:21,0
DA:22,0
DA:24,0
DA:26,3
DA:27,3
DA:30,21
DA:33,21
DA:35,9
DA:36,9
DA:38,6
DA:39,6
DA:41,12
DA:42,12
DA:44,9
DA:46,6
DA:47,3
DA:48,6
DA:49,6
DA:52,6
DA:53,3
DA:54,6
DA:59,9
DA:62,3
DA:63,6
DA:65,9
DA:68,16
DA:71,0
DA:83,0
DA:85,0
DA:89,3
DA:90,3
DA:94,3
DA:95,6
DA:97,0
DA:100,3
DA:104,3
LF:48
LH:35
end_of_record
SF:lib/core/error/failures.dart
DA:5,17
DA:6,0
DA:7,0
DA:11,17
DA:13,0
DA:17,17
DA:19,0
LF:7
LH:3
end_of_record
SF:lib/core/routes/navigation.dart
DA:14,0
DA:15,0
DA:16,0
DA:17,0
DA:18,0
DA:19,0
DA:20,0
DA:21,0
DA:24,0
DA:28,6
DA:29,0
DA:35,0
DA:37,0
DA:38,0
DA:41,1
DA:43,1
DA:44,3
DA:47,0
DA:49,0
DA:50,0
DA:53,0
DA:55,0
DA:56,0
LF:23
LH:4
end_of_record
SF:lib/core/utils/logger.dart
DA:1,19
DA:8,2
DA:14,0
DA:20,2
DA:24,0
DA:30,0
DA:37,0
DA:42,0
DA:45,1
DA:51,1
DA:58,1
DA:63,1
DA:66,1
DA:75,1
DA:77,1
DA:78,2
DA:81,3
DA:86,3
DA:87,3
LF:19
LH:14
end_of_record
SF:lib/features/signin/presentation/pages/sign_in_page.dart
DA:13,32
DA:15,2
DA:16,2
DA:17,2
DA:18,2
DA:19,6
DA:21,2
DA:22,6
DA:29,2
DA:31,4
DA:32,2
DA:33,2
DA:34,4
DA:35,2
DA:36,1
DA:37,2
DA:40,2
DA:44,2
DA:49,2
DA:50,2
DA:51,4
DA:54,1
DA:55,1
DA:57,2
DA:59,0
DA:67,1
DA:68,1
DA:69,1
DA:70,1
DA:72,1
DA:73,1
DA:75,2
DA:80,1
DA:81,0
DA:83,0
DA:84,0
DA:85,0
DA:86,0
DA:91,2
DA:92,1
DA:94,1
DA:96,1
DA:97,1
DA:99,1
DA:100,1
LF:45
LH:39
end_of_record
SF:lib/ui/alpha/alpha.page.dart
DA:11,32
DA:13,0
DA:15,2
DA:16,2
DA:17,8
DA:22,2
DA:24,4
DA:25,2
DA:26,2
DA:27,4
DA:28,2
DA:29,2
DA:30,1
DA:31,4
DA:40,1
LF:15
LH:14
end_of_record
SF:lib/features/home/presentation/pages/home.page.dart
DA:6,16
DA:8,1
DA:10,1
DA:11,1
DA:13,1
DA:15,0
DA:16,0
LF:7
LH:5
end_of_record
SF:lib/features/signin/presentation/bloc/auth/auth_state.dart
DA:5,0
DA:6,0
DA:7,0
LF:3
LH:0
end_of_record
SF:lib/features/signin/presentation/bloc/auth/auth_event.dart
DA:5,0
DA:6,0
LF:2
LH:0
end_of_record
SF:lib/features/signin/presentation/bloc/auth/auth_bloc.dart
DA:15,2
DA:18,1
DA:21,2
DA:22,1
DA:23,6
DA:25,1
DA:27,1
DA:28,3
DA:29,1
DA:30,2
LF:10
LH:10
end_of_record
SF:lib/features/signin/domain/core/failures_details.dart
DA:8,0
LF:1
LH:0
end_of_record
SF:lib/features/signin/domain/services/auth_failure.dart
DA:11,0
DA:12,0
DA:13,0
DA:14,0
LF:4
LH:0
end_of_record
SF:lib/features/signin/domain/core/usecase.dart
DA:10,0
DA:12,0
LF:2
LH:0
end_of_record
SF:lib/features/signin/domain/core/value_objects.dart
DA:8,12
DA:12,3
DA:14,6
DA:15,2
DA:18,6
DA:21,12
DA:24,0
DA:26,1
DA:27,2
DA:29,2
DA:30,4
LF:11
LH:10
end_of_record
SF:lib/features/signin/domain/core/value_validators.dart
DA:4,13
DA:7,26
DA:8,13
DA:10,4
DA:14,6
DA:16,12
DA:17,6
DA:19,4
DA:23,13
DA:24,13
DA:25,4
DA:27,13
LF:12
LH:12
end_of_record
SF:lib/features/signin/domain/entities/credentials_entity.dart
DA:6,3
LF:1
LH:1
end_of_record
SF:lib/features/signin/domain/entities/user_entity.dart
DA:8,7
DA:13,5
DA:14,10
LF:3
LH:3
end_of_record
SF:lib/features/signin/domain/usecases/sign_in_check_email.dart
DA:15,1
DA:20,1
DA:22,4
DA:23,2
DA:24,3
DA:25,2
DA:29,1
DA:30,1
DA:40,2
DA:42,0
DA:43,0
LF:11
LH:9
end_of_record
SF:lib/features/signin/domain/usecases/sign_in_register_email_and_password.dart
DA:14,1
DA:19,1
DA:21,1
DA:22,1
DA:23,2
DA:24,2
DA:26,3
DA:27,3
DA:28,2
DA:32,1
DA:33,1
DA:34,1
DA:39,1
DA:54,2
DA:56,0
DA:57,0
DA:58,0
DA:59,0
LF:18
LH:14
end_of_record
SF:lib/features/signin/domain/usecases/sign_in_with_email_and_password.dart
DA:14,1
DA:19,1
DA:21,1
DA:22,1
DA:23,2
DA:24,2
DA:26,3
DA:27,3
DA:28,2
DA:32,1
DA:33,1
DA:34,1
DA:40,1
DA:56,2
DA:58,0
DA:59,0
DA:60,0
DA:61,0
LF:18
LH:14
end_of_record
SF:lib/features/signin/domain/usecases/sign_in_with_google.dart
DA:12,1
DA:17,1
DA:19,5
DA:20,3
DA:21,2
DA:24,1
DA:25,1
DA:26,1
DA:31,1
LF:9
LH:9
end_of_record
SF:lib/features/signin/infrastructure/datasources/sign_in_local_data_source.dart
DA:22,1
DA:24,0
DA:26,0
DA:28,0
DA:32,1
DA:34,2
DA:36,1
DA:38,1
DA:39,2
DA:42,0
DA:45,0
LF:11
LH:6
end_of_record
SF:lib/features/signin/infrastructure/models/user_model.dart
DA:4,16
DA:14,4
DA:17,4
DA:18,4
DA:22,3
DA:23,3
DA:24,3
DA:25,3
DA:29,0
DA:30,0
DA:31,0
DA:33,0
DA:35,0
DA:43,0
DA:44,0
DA:45,0
DA:46,0
LF:17
LH:8
end_of_record
SF:lib/features/signin/infrastructure/datasources/sign_in_remote_data_source.dart
DA:43,1
DA:45,0
DA:49,0
DA:53,1
DA:54,3
DA:55,2
DA:56,1
DA:61,2
DA:62,1
DA:63,2
DA:65,1
DA:69,0
DA:72,0
DA:75,0
DA:78,0
DA:81,0
DA:84,0
DA:88,1
DA:89,5
DA:91,1
DA:94,1
DA:97,2
DA:98,1
DA:101,3
DA:104,0
DA:108,0
DA:111,0
DA:115,0
DA:118,0
DA:122,0
DA:125,0
DA:128,0
DA:131,0
DA:134,0
DA:137,0
DA:140,0
LF:36
LH:16
end_of_record
SF:lib/features/signin/infrastructure/repositories/sign_in_repository.dart
DA:21,1
DA:28,1
DA:29,3
DA:32,3
DA:33,3
DA:34,1
DA:35,1
DA:41,3
DA:42,1
DA:43,1
DA:45,1
DA:52,0
DA:54,0
DA:56,0
DA:59,0
LF:15
LH:11
end_of_record
SF:lib/features/signin/infrastructure/services/firebase_auth_facade.dart
DA:18,1
DA:20,1
DA:27,1
DA:32,3
DA:33,1
DA:34,1
DA:36,1
DA:37,1
DA:38,2
DA:39,1
DA:41,1
DA:42,2
DA:43,1
DA:45,0
DA:46,0
DA:47,0
DA:52,1
DA:57,3
DA:58,1
DA:59,1
DA:61,1
DA:62,1
DA:63,4
DA:64,1
DA:66,0
DA:67,0
DA:68,0
DA:70,1
DA:71,1
DA:72,1
DA:77,1
DA:79,3
DA:81,1
DA:84,2
DA:86,1
DA:87,1
DA:88,1
DA:91,3
DA:93,1
DA:94,1
DA:95,1
DA:96,1
DA:101,1
DA:104,2
DA:105,1
DA:106,1
DA:108,0
DA:110,1
DA:111,2
DA:112,1
DA:113,2
DA:114,1
DA:116,1
DA:117,2
DA:118,1
DA:120,0
DA:121,0
DA:122,0
DA:127,1
DA:128,2
DA:129,2
DA:130,2
DA:134,1
DA:136,1
DA:137,4
LF:65
LH:55
end_of_record
SF:lib/features/signin/infrastructure/services/firebase_user_mapper.dart
DA:6,0
DA:9,0
DA:10,0
DA:11,0
LF:4
LH:0
end_of_record
SF:lib/features/signin/presentation/bloc/signin/sign_in_event.dart
DA:5,0
DA:7,0
DA:12,0
DA:17,0
DA:22,0
LF:5
LH:0
end_of_record
SF:lib/features/signin/presentation/bloc/signin/sign_in_bloc.dart
DA:35,1
DA:42,1
DA:44,1
DA:46,1
DA:49,1
DA:50,2
DA:52,1
DA:56,1
DA:57,2
DA:58,1
DA:59,1
DA:60,1
DA:61,1
DA:62,0
DA:66,1
DA:67,1
DA:68,4
DA:69,2
DA:70,1
DA:71,1
DA:75,1
DA:76,1
DA:77,3
DA:78,1
DA:79,1
DA:80,1
DA:81,1
DA:85,2
DA:86,1
DA:87,1
DA:91,1
DA:92,1
DA:93,3
DA:94,1
DA:95,1
DA:96,1
DA:97,1
DA:101,2
DA:102,1
DA:103,1
DA:107,1
DA:108,1
DA:110,5
DA:111,2
DA:112,1
DA:113,1
DA:114,2
DA:115,2
DA:117,3
DA:118,1
DA:122,3
DA:123,1
DA:135,1
DA:136,2
DA:139,2
LF:55
LH:54
end_of_record
SF:lib/features/signin/presentation/bloc/signin/sign_in_state.dart
DA:5,0
DA:6,0
DA:7,0
DA:8,0
DA:9,0
DA:10,0
DA:12,0
DA:13,0
LF:8
LH:0
end_of_record
SF:lib/features/signin/presentation/cubit/navigation_state.dart
DA:5,0
DA:6,0
LF:2
LH:0
end_of_record
SF:lib/features/signin/presentation/cubit/navigation_cubit.dart
DA:11,2
DA:13,1
DA:14,2
DA:15,2
LF:4
LH:4
end_of_record
SF:lib/features/signin/presentation/routes/sign_in_go_to.dart
DA:1,17
DA:13,2
DA:19,2
DA:23,2
DA:29,1
DA:33,1
DA:39,1
DA:40,1
DA:45,0
DA:46,0
DA:51,1
DA:53,6
LF:12
LH:10
end_of_record
SF:lib/injection_container.dart
DA:4,6
DA:6,0
DA:7,0
LF:3
LH:1
end_of_record
SF:lib/ui/widgets/transitions/slide_route.dart
DA:5,0
DA:6,0
DA:7,0
DA:13,0
DA:19,0
DA:20,0
DA:23,0
DA:30,1
DA:33,1
DA:36,1
DA:39,1
DA:40,1
DA:47,1
DA:53,1
DA:54,1
DA:57,2
DA:65,0
DA:66,0
DA:67,0
DA:73,0
DA:79,0
DA:80,0
DA:83,0
DA:91,0
DA:92,0
DA:93,0
DA:99,0
DA:105,0
DA:106,0
DA:109,0
LF:30
LH:9
end_of_record
SF:lib/features/signin/presentation/widgets/login/field_email.widget.dart
DA:6,1
DA:12,1
DA:19,1
DA:21,1
DA:22,1
DA:23,1
DA:24,1
DA:26,1
DA:29,1
DA:33,3
DA:34,0
DA:37,1
LF:12
LH:11
end_of_record
SF:lib/ui/widgets/shared/forms/field_styles.dart
DA:3,1
DA:8,1
DA:17,3
LF:3
LH:3
end_of_record
SF:lib/features/signin/presentation/widgets/login/field_password.widget.dart
DA:6,1
DA:13,1
DA:21,1
DA:22,1
DA:27,1
DA:29,1
DA:30,2
DA:31,1
DA:32,2
DA:33,2
DA:36,1
DA:37,1
DA:40,1
DA:41,1
DA:42,1
DA:43,2
DA:45,0
DA:48,3
DA:49,0
DA:52,2
LF:20
LH:18
end_of_record
SF:lib/features/signin/presentation/widgets/login/form_email.widget.dart
DA:10,0
DA:12,0
DA:13,0
DA:21,0
DA:23,0
DA:24,0
DA:27,0
DA:29,0
DA:30,0
DA:31,0
DA:32,0
DA:35,0
DA:36,0
DA:37,0
DA:38,0
DA:44,0
DA:46,0
DA:47,0
DA:48,0
DA:49,0
DA:50,0
DA:53,0
DA:54,0
DA:55,0
DA:56,0
DA:57,0
DA:58,0
DA:60,0
DA:61,0
DA:62,0
DA:64,0
DA:66,0
LF:32
LH:0
end_of_record
SF:lib/ui/widgets/shared/custom_raised_button.dart
DA:4,3
DA:11,3
DA:18,3
DA:20,3
DA:21,3
DA:22,3
DA:23,3
DA:25,3
DA:30,3
DA:31,3
DA:32,6
DA:36,3
DA:37,3
LF:13
LH:13
end_of_record
SF:lib/ui/widgets/shared/forms/form_column.widget.dart
DA:5,3
DA:8,3
DA:12,3
DA:14,3
DA:15,3
DA:16,3
DA:17,3
DA:21,3
LF:8
LH:8
end_of_record
SF:lib/ui/widgets/shared/forms/logo_text_loading.widget.dart
DA:6,3
DA:11,3
DA:17,3
DA:19,9
DA:20,3
DA:21,3
DA:22,3
DA:23,3
DA:25,3
DA:26,3
LF:10
LH:10
end_of_record
SF:lib/features/signin/presentation/widgets/login/form_password.widget.dart
DA:10,1
DA:13,1
DA:17,1
DA:18,1
DA:26,1
DA:28,2
DA:29,1
DA:32,1
DA:34,2
DA:35,2
DA:36,2
DA:37,1
DA:40,0
DA:41,0
DA:42,0
DA:43,0
DA:44,0
DA:45,0
DA:51,1
DA:53,1
DA:54,1
DA:55,2
DA:56,1
DA:57,2
DA:60,2
DA:61,1
DA:62,1
DA:63,1
DA:64,1
DA:65,0
DA:67,2
DA:68,1
DA:69,1
DA:71,3
DA:73,0
DA:75,2
DA:76,1
DA:77,1
DA:79,3
DA:81,0
DA:83,1
DA:84,1
DA:86,3
DA:88,0
LF:44
LH:34
end_of_record
SF:lib/features/signin/presentation/widgets/login/form_sign_in.widget.dart
DA:11,16
DA:14,0
DA:18,1
DA:20,1
DA:32,0
DA:33,0
DA:34,0
DA:35,0
DA:36,0
DA:37,0
DA:43,0
DA:44,0
DA:45,0
DA:46,0
DA:47,0
DA:48,0
DA:54,1
DA:56,2
DA:57,0
DA:58,0
DA:60,2
DA:62,1
DA:65,1
DA:67,2
DA:68,2
DA:69,2
DA:71,2
DA:72,2
DA:73,2
DA:75,1
DA:78,1
DA:80,1
DA:81,1
DA:82,2
DA:83,1
DA:85,2
DA:87,2
DA:88,1
DA:89,1
DA:90,1
DA:91,1
DA:92,0
DA:94,2
DA:95,1
DA:96,1
DA:97,1
DA:98,1
DA:99,0
DA:101,2
DA:102,1
DA:103,1
DA:105,3
DA:107,0
DA:108,0
DA:109,0
LF:55
LH:35
end_of_record
SF:lib/features/signin/presentation/widgets/login/sign_in_button.widget.dart
DA:5,3
DA:12,3
DA:14,3
DA:16,3
DA:17,3
DA:18,3
DA:20,3
DA:22,3
DA:24,3
LF:9
LH:9
end_of_record
SF:lib/features/signin/presentation/widgets/login/sign_in_options.widget.dart
DA:14,33
DA:16,3
DA:17,3
DA:21,3
DA:23,3
DA:24,3
DA:25,3
DA:26,3
DA:27,3
DA:28,6
DA:29,3
DA:30,6
DA:31,6
DA:32,3
DA:38,2
DA:39,1
DA:41,6
DA:42,3
DA:46,3
DA:47,0
DA:48,0
LF:21
LH:19
end_of_record
SF:lib/features/signin/sign_in_injection_container.dart
DA:25,0
DA:28,0
DA:30,0
DA:32,0
DA:34,0
DA:36,0
DA:38,0
DA:42,0
DA:43,0
DA:45,0
DA:47,0
DA:51,0
DA:53,0
DA:54,0
DA:55,0
DA:56,0
DA:57,0
DA:63,0
DA:64,0
DA:65,0
DA:66,0
DA:70,0
DA:71,0
DA:75,0
DA:76,0
DA:77,0
DA:78,0
DA:79,0
DA:84,0
DA:85,0
DA:86,0
DA:87,0
DA:91,0
DA:92,0
DA:93,0
DA:94,0
DA:98,0
DA:99,0
DA:100,0
DA:101,0
DA:105,0
DA:106,0
DA:107,0
DA:108,0
DA:113,0
DA:114,0
DA:117,0
DA:118,0
DA:121,0
DA:122,0
DA:123,0
DA:124,0
DA:125,0
DA:126,0
DA:127,0
DA:128,0
LF:56
LH:0
end_of_record
SF:lib/ui/widgets/shared/progress-indicator.widget.dart
DA:5,16
DA:9,0
DA:12,1
DA:14,1
DA:16,1
DA:17,1
DA:18,3
LF:7
LH:6
end_of_record
SF:lib/ui/widgets/transitions/defaults.dart
DA:7,1
DA:8,1
LF:2
LH:2
end_of_record
